Rendering to 768x768 image
Loaded scene with 10000 circles
Loaded scene with 10000 circles
---------------------------------------------------------
Initializing CUDA for CudaRenderer
Found 2 CUDA devices
Device 0: GeForce GTX 670
   SMs:        7
   Global mem: 2048 MB
   CUDA Cap:   3.0
Device 1: Quadro NVS 295
   SMs:        1
   Global mem: 255 MB
   CUDA Cap:   1.1
---------------------------------------------------------

Running benchmark, 1 frames, beginning at frame 0 ...
imageWidth = 768
imageHeight = 768
numPixels = 589824
Copying image data from device
Mismatch detected at pixel [73][543], value = 0.444694, expected 0.718020 for color Red
Mismatch detected at pixel [73][543], value = 0.591129, expected 0.434242 for color Green
Mismatch detected at pixel [74][543], value = 0.444694, expected 0.718020 for color Red
Mismatch detected at pixel [74][543], value = 0.591129, expected 0.434242 for color Green
Mismatch detected at pixel [75][543], value = 0.444694, expected 0.718020 for color Red
Mismatch detected at pixel [75][543], value = 0.591129, expected 0.434242 for color Green
ERROR : Mismatch detected between reference and actual
