Rendering to 768x768 image
Loaded data for 100000 circles from snow.par
Loaded scene with 100000 circles
Loaded data for 100000 circles from snow.par
Loaded scene with 100000 circles
---------------------------------------------------------
Initializing CUDA for CudaRenderer
Found 1 CUDA devices
Device 0: GeForce GTX 780
   SMs:        12
   Global mem: 3071 MB
   CUDA Cap:   3.5
---------------------------------------------------------

Running benchmark, 1 frames, beginning at frame 0 ...
Copying image data from device
***************** Correctness check passed **************************
Clear:    0.0898 ms
Advance:  0.0017 ms
Render:   14.9615 ms
Total:    15.0530 ms

Overall:  0.5689 sec (note units are seconds)
