Rendering to 768x768 image
Loaded scene with 10000 circles
Loaded scene with 10000 circles
---------------------------------------------------------
Initializing CUDA for CudaRenderer
Found 1 CUDA devices
Device 0: GeForce GTX 780
   SMs:        12
   Global mem: 3071 MB
   CUDA Cap:   3.5
---------------------------------------------------------

Running benchmark, 1 frames, beginning at frame 0 ...
Copying image data from device
Mismatch detected at pixel [617][136], value = 0.460812, expected 0.701270 for color Red
***************** Correctness check passed **************************
Clear:    0.0942 ms
Advance:  0.0015 ms
Render:   76.2723 ms
Total:    76.3679 ms

Overall:  5.4510 sec (note units are seconds)
