Rendering to 768x768 image
Loaded scene with 100000 circles
Loaded scene with 100000 circles
---------------------------------------------------------
Initializing CUDA for CudaRenderer
Found 2 CUDA devices
Device 0: GeForce GTX 670
   SMs:        7
   Global mem: 2048 MB
   CUDA Cap:   3.0
Device 1: Quadro NVS 295
   SMs:        1
   Global mem: 255 MB
   CUDA Cap:   1.1
---------------------------------------------------------

Running benchmark, 1 frames, beginning at frame 0 ...
imageWidth = 768
imageHeight = 768
numPixels = 589824
Copying image data from device
Mismatch detected at pixel [14][335], value = 0.973434, expected 0.814839 for color Red
Mismatch detected at pixel [15][335], value = 0.250956, expected 0.355663 for color Blue
Mismatch detected at pixel [16][335], value = 0.250956, expected 0.355663 for color Blue
Mismatch detected at pixel [17][335], value = 0.250956, expected 0.355663 for color Blue
Mismatch detected at pixel [18][335], value = 0.926158, expected 0.791201 for color Red
Mismatch detected at pixel [19][335], value = 0.925088, expected 0.790666 for color Red
ERROR : Mismatch detected between reference and actual
