Rendering to 768x768 image
Loaded scene with 4 circles
Loaded scene with 4 circles
---------------------------------------------------------
Initializing CUDA for CudaRenderer
Found 2 CUDA devices
Device 0: GeForce GTX 670
   SMs:        7
   Global mem: 2048 MB
   CUDA Cap:   3.0
Device 1: Quadro NVS 295
   SMs:        1
   Global mem: 255 MB
   CUDA Cap:   1.1
---------------------------------------------------------

Running benchmark, 1 frames, beginning at frame 0 ...
imageWidth = 768
imageHeight = 768
numPixels = 589824
Copying image data from device
***************** Correctness check passed **************************
Clear:    0.1040 ms
Advance:  0.0009 ms
Render:   0.2992 ms
Total:    0.4041 ms

Overall:  0.0145 sec (note units are seconds)
