Rendering to 768x768 image
Loaded scene with 3 circles
Loaded scene with 3 circles
---------------------------------------------------------
Initializing CUDA for CudaRenderer
Found 2 CUDA devices
Device 0: GeForce GTX 670
   SMs:        7
   Global mem: 2048 MB
   CUDA Cap:   3.0
Device 1: Quadro NVS 295
   SMs:        1
   Global mem: 255 MB
   CUDA Cap:   1.1
---------------------------------------------------------

Running benchmark, 1 frames, beginning at frame 0 ...
imageWidth = 768
imageHeight = 768
numPixels = 589824
Copying image data from device
***************** Correctness check passed **************************
Clear:    0.1066 ms
Advance:  0.0009 ms
Render:   0.3209 ms
Total:    0.4284 ms

Overall:  0.0155 sec (note units are seconds)
