Rendering to 768x768 image
Loaded scene with 10000 circles
---------------------------------------------------------
Initializing CUDA for CudaRenderer
Found 2 CUDA devices
Device 0: GeForce GTX 670
   SMs:        7
   Global mem: 2048 MB
   CUDA Cap:   3.0
Device 1: Quadro NVS 295
   SMs:        1
   Global mem: 255 MB
   CUDA Cap:   1.1
---------------------------------------------------------

Running benchmark, 4 frames, beginning at frame 0 ...
Clear:    0.0682 ms
Advance:  0.0008 ms
Render:   10.2186 ms
Total:    10.2876 ms

Overall:  0.0412 sec (note units are seconds)
